Determining if the Q_WS_WIN exist failed with the following output:
Change Dir: /home/salabeta/robocomp/components/roboticaCC/supervisor/CMakeFiles/CMakeTmp

Run Build Command:"/usr/bin/make" "cmTC_d8e05/fast"
/usr/bin/make -f CMakeFiles/cmTC_d8e05.dir/build.make CMakeFiles/cmTC_d8e05.dir/build
make[1]: se entra en el directorio '/home/salabeta/robocomp/components/roboticaCC/supervisor/CMakeFiles/CMakeTmp'
Building CXX object CMakeFiles/cmTC_d8e05.dir/CheckSymbolExists.cxx.o
/usr/bin/c++    -I/usr/include/qt4   -o CMakeFiles/cmTC_d8e05.dir/CheckSymbolExists.cxx.o -c /home/salabeta/robocomp/components/roboticaCC/supervisor/CMakeFiles/CMakeTmp/CheckSymbolExists.cxx
/home/salabeta/robocomp/components/roboticaCC/supervisor/CMakeFiles/CMakeTmp/CheckSymbolExists.cxx: In function ‘int main(int, char**)’:
/home/salabeta/robocomp/components/roboticaCC/supervisor/CMakeFiles/CMakeTmp/CheckSymbolExists.cxx:8:19: error: ‘Q_WS_WIN’ was not declared in this scope
   return ((int*)(&Q_WS_WIN))[argc];
                   ^
CMakeFiles/cmTC_d8e05.dir/build.make:65: fallo en las instrucciones para el objetivo 'CMakeFiles/cmTC_d8e05.dir/CheckSymbolExists.cxx.o'
make[1]: *** [CMakeFiles/cmTC_d8e05.dir/CheckSymbolExists.cxx.o] Error 1
make[1]: se sale del directorio '/home/salabeta/robocomp/components/roboticaCC/supervisor/CMakeFiles/CMakeTmp'
Makefile:126: fallo en las instrucciones para el objetivo 'cmTC_d8e05/fast'
make: *** [cmTC_d8e05/fast] Error 2

File /home/salabeta/robocomp/components/roboticaCC/supervisor/CMakeFiles/CMakeTmp/CheckSymbolExists.cxx:
/* */
#include <QtCore/qglobal.h>

int main(int argc, char** argv)
{
  (void)argv;
#ifndef Q_WS_WIN
  return ((int*)(&Q_WS_WIN))[argc];
#else
  (void)argc;
  return 0;
#endif
}

Determining if the Q_WS_QWS exist failed with the following output:
Change Dir: /home/salabeta/robocomp/components/roboticaCC/supervisor/CMakeFiles/CMakeTmp

Run Build Command:"/usr/bin/make" "cmTC_c1ed5/fast"
/usr/bin/make -f CMakeFiles/cmTC_c1ed5.dir/build.make CMakeFiles/cmTC_c1ed5.dir/build
make[1]: se entra en el directorio '/home/salabeta/robocomp/components/roboticaCC/supervisor/CMakeFiles/CMakeTmp'
Building CXX object CMakeFiles/cmTC_c1ed5.dir/CheckSymbolExists.cxx.o
/usr/bin/c++    -I/usr/include/qt4   -o CMakeFiles/cmTC_c1ed5.dir/CheckSymbolExists.cxx.o -c /home/salabeta/robocomp/components/roboticaCC/supervisor/CMakeFiles/CMakeTmp/CheckSymbolExists.cxx
/home/salabeta/robocomp/components/roboticaCC/supervisor/CMakeFiles/CMakeTmp/CheckSymbolExists.cxx: In function ‘int main(int, char**)’:
/home/salabeta/robocomp/components/roboticaCC/supervisor/CMakeFiles/CMakeTmp/CheckSymbolExists.cxx:8:19: error: ‘Q_WS_QWS’ was not declared in this scope
   return ((int*)(&Q_WS_QWS))[argc];
                   ^
CMakeFiles/cmTC_c1ed5.dir/build.make:65: fallo en las instrucciones para el objetivo 'CMakeFiles/cmTC_c1ed5.dir/CheckSymbolExists.cxx.o'
make[1]: *** [CMakeFiles/cmTC_c1ed5.dir/CheckSymbolExists.cxx.o] Error 1
make[1]: se sale del directorio '/home/salabeta/robocomp/components/roboticaCC/supervisor/CMakeFiles/CMakeTmp'
Makefile:126: fallo en las instrucciones para el objetivo 'cmTC_c1ed5/fast'
make: *** [cmTC_c1ed5/fast] Error 2

File /home/salabeta/robocomp/components/roboticaCC/supervisor/CMakeFiles/CMakeTmp/CheckSymbolExists.cxx:
/* */
#include <QtCore/qglobal.h>

int main(int argc, char** argv)
{
  (void)argv;
#ifndef Q_WS_QWS
  return ((int*)(&Q_WS_QWS))[argc];
#else
  (void)argc;
  return 0;
#endif
}

Determining if the Q_WS_MAC exist failed with the following output:
Change Dir: /home/salabeta/robocomp/components/roboticaCC/supervisor/CMakeFiles/CMakeTmp

Run Build Command:"/usr/bin/make" "cmTC_0523e/fast"
/usr/bin/make -f CMakeFiles/cmTC_0523e.dir/build.make CMakeFiles/cmTC_0523e.dir/build
make[1]: se entra en el directorio '/home/salabeta/robocomp/components/roboticaCC/supervisor/CMakeFiles/CMakeTmp'
Building CXX object CMakeFiles/cmTC_0523e.dir/CheckSymbolExists.cxx.o
/usr/bin/c++    -I/usr/include/qt4   -o CMakeFiles/cmTC_0523e.dir/CheckSymbolExists.cxx.o -c /home/salabeta/robocomp/components/roboticaCC/supervisor/CMakeFiles/CMakeTmp/CheckSymbolExists.cxx
/home/salabeta/robocomp/components/roboticaCC/supervisor/CMakeFiles/CMakeTmp/CheckSymbolExists.cxx: In function ‘int main(int, char**)’:
/home/salabeta/robocomp/components/roboticaCC/supervisor/CMakeFiles/CMakeTmp/CheckSymbolExists.cxx:8:19: error: ‘Q_WS_MAC’ was not declared in this scope
   return ((int*)(&Q_WS_MAC))[argc];
                   ^
CMakeFiles/cmTC_0523e.dir/build.make:65: fallo en las instrucciones para el objetivo 'CMakeFiles/cmTC_0523e.dir/CheckSymbolExists.cxx.o'
make[1]: *** [CMakeFiles/cmTC_0523e.dir/CheckSymbolExists.cxx.o] Error 1
make[1]: se sale del directorio '/home/salabeta/robocomp/components/roboticaCC/supervisor/CMakeFiles/CMakeTmp'
Makefile:126: fallo en las instrucciones para el objetivo 'cmTC_0523e/fast'
make: *** [cmTC_0523e/fast] Error 2

File /home/salabeta/robocomp/components/roboticaCC/supervisor/CMakeFiles/CMakeTmp/CheckSymbolExists.cxx:
/* */
#include <QtCore/qglobal.h>

int main(int argc, char** argv)
{
  (void)argv;
#ifndef Q_WS_MAC
  return ((int*)(&Q_WS_MAC))[argc];
#else
  (void)argc;
  return 0;
#endif
}

Determining if the Q_WS_WIN exist failed with the following output:
Change Dir: /home/salabeta/robocomp/components/roboticaCC/supervisor/CMakeFiles/CMakeTmp

Run Build Command:"/usr/bin/make" "cmTC_00674/fast"
/usr/bin/make -f CMakeFiles/cmTC_00674.dir/build.make CMakeFiles/cmTC_00674.dir/build
make[1]: se entra en el directorio '/home/salabeta/robocomp/components/roboticaCC/supervisor/CMakeFiles/CMakeTmp'
Building CXX object CMakeFiles/cmTC_00674.dir/CheckSymbolExists.cxx.o
/usr/bin/c++    -I/usr/include/qt4   -o CMakeFiles/cmTC_00674.dir/CheckSymbolExists.cxx.o -c /home/salabeta/robocomp/components/roboticaCC/supervisor/CMakeFiles/CMakeTmp/CheckSymbolExists.cxx
/home/salabeta/robocomp/components/roboticaCC/supervisor/CMakeFiles/CMakeTmp/CheckSymbolExists.cxx: In function ‘int main(int, char**)’:
/home/salabeta/robocomp/components/roboticaCC/supervisor/CMakeFiles/CMakeTmp/CheckSymbolExists.cxx:8:19: error: ‘Q_WS_WIN’ was not declared in this scope
   return ((int*)(&Q_WS_WIN))[argc];
                   ^
CMakeFiles/cmTC_00674.dir/build.make:65: fallo en las instrucciones para el objetivo 'CMakeFiles/cmTC_00674.dir/CheckSymbolExists.cxx.o'
make[1]: *** [CMakeFiles/cmTC_00674.dir/CheckSymbolExists.cxx.o] Error 1
make[1]: se sale del directorio '/home/salabeta/robocomp/components/roboticaCC/supervisor/CMakeFiles/CMakeTmp'
Makefile:126: fallo en las instrucciones para el objetivo 'cmTC_00674/fast'
make: *** [cmTC_00674/fast] Error 2

File /home/salabeta/robocomp/components/roboticaCC/supervisor/CMakeFiles/CMakeTmp/CheckSymbolExists.cxx:
/* */
#include <QtCore/qglobal.h>

int main(int argc, char** argv)
{
  (void)argv;
#ifndef Q_WS_WIN
  return ((int*)(&Q_WS_WIN))[argc];
#else
  (void)argc;
  return 0;
#endif
}

Determining if the Q_WS_QWS exist failed with the following output:
Change Dir: /home/salabeta/robocomp/components/roboticaCC/supervisor/CMakeFiles/CMakeTmp

Run Build Command:"/usr/bin/make" "cmTC_f9b53/fast"
/usr/bin/make -f CMakeFiles/cmTC_f9b53.dir/build.make CMakeFiles/cmTC_f9b53.dir/build
make[1]: se entra en el directorio '/home/salabeta/robocomp/components/roboticaCC/supervisor/CMakeFiles/CMakeTmp'
Building CXX object CMakeFiles/cmTC_f9b53.dir/CheckSymbolExists.cxx.o
/usr/bin/c++    -I/usr/include/qt4   -o CMakeFiles/cmTC_f9b53.dir/CheckSymbolExists.cxx.o -c /home/salabeta/robocomp/components/roboticaCC/supervisor/CMakeFiles/CMakeTmp/CheckSymbolExists.cxx
/home/salabeta/robocomp/components/roboticaCC/supervisor/CMakeFiles/CMakeTmp/CheckSymbolExists.cxx: In function ‘int main(int, char**)’:
/home/salabeta/robocomp/components/roboticaCC/supervisor/CMakeFiles/CMakeTmp/CheckSymbolExists.cxx:8:19: error: ‘Q_WS_QWS’ was not declared in this scope
   return ((int*)(&Q_WS_QWS))[argc];
                   ^
CMakeFiles/cmTC_f9b53.dir/build.make:65: fallo en las instrucciones para el objetivo 'CMakeFiles/cmTC_f9b53.dir/CheckSymbolExists.cxx.o'
make[1]: *** [CMakeFiles/cmTC_f9b53.dir/CheckSymbolExists.cxx.o] Error 1
make[1]: se sale del directorio '/home/salabeta/robocomp/components/roboticaCC/supervisor/CMakeFiles/CMakeTmp'
Makefile:126: fallo en las instrucciones para el objetivo 'cmTC_f9b53/fast'
make: *** [cmTC_f9b53/fast] Error 2

File /home/salabeta/robocomp/components/roboticaCC/supervisor/CMakeFiles/CMakeTmp/CheckSymbolExists.cxx:
/* */
#include <QtCore/qglobal.h>

int main(int argc, char** argv)
{
  (void)argv;
#ifndef Q_WS_QWS
  return ((int*)(&Q_WS_QWS))[argc];
#else
  (void)argc;
  return 0;
#endif
}

Determining if the Q_WS_MAC exist failed with the following output:
Change Dir: /home/salabeta/robocomp/components/roboticaCC/supervisor/CMakeFiles/CMakeTmp

Run Build Command:"/usr/bin/make" "cmTC_dcb37/fast"
/usr/bin/make -f CMakeFiles/cmTC_dcb37.dir/build.make CMakeFiles/cmTC_dcb37.dir/build
make[1]: se entra en el directorio '/home/salabeta/robocomp/components/roboticaCC/supervisor/CMakeFiles/CMakeTmp'
Building CXX object CMakeFiles/cmTC_dcb37.dir/CheckSymbolExists.cxx.o
/usr/bin/c++    -I/usr/include/qt4   -o CMakeFiles/cmTC_dcb37.dir/CheckSymbolExists.cxx.o -c /home/salabeta/robocomp/components/roboticaCC/supervisor/CMakeFiles/CMakeTmp/CheckSymbolExists.cxx
/home/salabeta/robocomp/components/roboticaCC/supervisor/CMakeFiles/CMakeTmp/CheckSymbolExists.cxx: In function ‘int main(int, char**)’:
/home/salabeta/robocomp/components/roboticaCC/supervisor/CMakeFiles/CMakeTmp/CheckSymbolExists.cxx:8:19: error: ‘Q_WS_MAC’ was not declared in this scope
   return ((int*)(&Q_WS_MAC))[argc];
                   ^
CMakeFiles/cmTC_dcb37.dir/build.make:65: fallo en las instrucciones para el objetivo 'CMakeFiles/cmTC_dcb37.dir/CheckSymbolExists.cxx.o'
make[1]: *** [CMakeFiles/cmTC_dcb37.dir/CheckSymbolExists.cxx.o] Error 1
make[1]: se sale del directorio '/home/salabeta/robocomp/components/roboticaCC/supervisor/CMakeFiles/CMakeTmp'
Makefile:126: fallo en las instrucciones para el objetivo 'cmTC_dcb37/fast'
make: *** [cmTC_dcb37/fast] Error 2

File /home/salabeta/robocomp/components/roboticaCC/supervisor/CMakeFiles/CMakeTmp/CheckSymbolExists.cxx:
/* */
#include <QtCore/qglobal.h>

int main(int argc, char** argv)
{
  (void)argv;
#ifndef Q_WS_MAC
  return ((int*)(&Q_WS_MAC))[argc];
#else
  (void)argc;
  return 0;
#endif
}

Determining if the Q_WS_WIN exist failed with the following output:
Change Dir: /home/crivac/robocomp/components/roboticaCC/supervisor/CMakeFiles/CMakeTmp

Run Build Command:"/usr/bin/make" "cmTC_2fb83/fast"
/usr/bin/make -f CMakeFiles/cmTC_2fb83.dir/build.make CMakeFiles/cmTC_2fb83.dir/build
make[1]: se entra en el directorio '/home/crivac/robocomp/components/roboticaCC/supervisor/CMakeFiles/CMakeTmp'
Building CXX object CMakeFiles/cmTC_2fb83.dir/CheckSymbolExists.cxx.o
/usr/bin/c++    -I/usr/include/qt4   -o CMakeFiles/cmTC_2fb83.dir/CheckSymbolExists.cxx.o -c /home/crivac/robocomp/components/roboticaCC/supervisor/CMakeFiles/CMakeTmp/CheckSymbolExists.cxx
/home/crivac/robocomp/components/roboticaCC/supervisor/CMakeFiles/CMakeTmp/CheckSymbolExists.cxx: In function ‘int main(int, char**)’:
/home/crivac/robocomp/components/roboticaCC/supervisor/CMakeFiles/CMakeTmp/CheckSymbolExists.cxx:8:19: error: ‘Q_WS_WIN’ was not declared in this scope
   return ((int*)(&Q_WS_WIN))[argc];
                   ^
CMakeFiles/cmTC_2fb83.dir/build.make:65: fallo en las instrucciones para el objetivo 'CMakeFiles/cmTC_2fb83.dir/CheckSymbolExists.cxx.o'
make[1]: *** [CMakeFiles/cmTC_2fb83.dir/CheckSymbolExists.cxx.o] Error 1
make[1]: se sale del directorio '/home/crivac/robocomp/components/roboticaCC/supervisor/CMakeFiles/CMakeTmp'
Makefile:126: fallo en las instrucciones para el objetivo 'cmTC_2fb83/fast'
make: *** [cmTC_2fb83/fast] Error 2

File /home/crivac/robocomp/components/roboticaCC/supervisor/CMakeFiles/CMakeTmp/CheckSymbolExists.cxx:
/* */
#include <QtCore/qglobal.h>

int main(int argc, char** argv)
{
  (void)argv;
#ifndef Q_WS_WIN
  return ((int*)(&Q_WS_WIN))[argc];
#else
  (void)argc;
  return 0;
#endif
}

Determining if the Q_WS_QWS exist failed with the following output:
Change Dir: /home/crivac/robocomp/components/roboticaCC/supervisor/CMakeFiles/CMakeTmp

Run Build Command:"/usr/bin/make" "cmTC_a4fe4/fast"
/usr/bin/make -f CMakeFiles/cmTC_a4fe4.dir/build.make CMakeFiles/cmTC_a4fe4.dir/build
make[1]: se entra en el directorio '/home/crivac/robocomp/components/roboticaCC/supervisor/CMakeFiles/CMakeTmp'
Building CXX object CMakeFiles/cmTC_a4fe4.dir/CheckSymbolExists.cxx.o
/usr/bin/c++    -I/usr/include/qt4   -o CMakeFiles/cmTC_a4fe4.dir/CheckSymbolExists.cxx.o -c /home/crivac/robocomp/components/roboticaCC/supervisor/CMakeFiles/CMakeTmp/CheckSymbolExists.cxx
/home/crivac/robocomp/components/roboticaCC/supervisor/CMakeFiles/CMakeTmp/CheckSymbolExists.cxx: In function ‘int main(int, char**)’:
/home/crivac/robocomp/components/roboticaCC/supervisor/CMakeFiles/CMakeTmp/CheckSymbolExists.cxx:8:19: error: ‘Q_WS_QWS’ was not declared in this scope
   return ((int*)(&Q_WS_QWS))[argc];
                   ^
CMakeFiles/cmTC_a4fe4.dir/build.make:65: fallo en las instrucciones para el objetivo 'CMakeFiles/cmTC_a4fe4.dir/CheckSymbolExists.cxx.o'
make[1]: *** [CMakeFiles/cmTC_a4fe4.dir/CheckSymbolExists.cxx.o] Error 1
make[1]: se sale del directorio '/home/crivac/robocomp/components/roboticaCC/supervisor/CMakeFiles/CMakeTmp'
Makefile:126: fallo en las instrucciones para el objetivo 'cmTC_a4fe4/fast'
make: *** [cmTC_a4fe4/fast] Error 2

File /home/crivac/robocomp/components/roboticaCC/supervisor/CMakeFiles/CMakeTmp/CheckSymbolExists.cxx:
/* */
#include <QtCore/qglobal.h>

int main(int argc, char** argv)
{
  (void)argv;
#ifndef Q_WS_QWS
  return ((int*)(&Q_WS_QWS))[argc];
#else
  (void)argc;
  return 0;
#endif
}

Determining if the Q_WS_MAC exist failed with the following output:
Change Dir: /home/crivac/robocomp/components/roboticaCC/supervisor/CMakeFiles/CMakeTmp

Run Build Command:"/usr/bin/make" "cmTC_7a263/fast"
/usr/bin/make -f CMakeFiles/cmTC_7a263.dir/build.make CMakeFiles/cmTC_7a263.dir/build
make[1]: se entra en el directorio '/home/crivac/robocomp/components/roboticaCC/supervisor/CMakeFiles/CMakeTmp'
Building CXX object CMakeFiles/cmTC_7a263.dir/CheckSymbolExists.cxx.o
/usr/bin/c++    -I/usr/include/qt4   -o CMakeFiles/cmTC_7a263.dir/CheckSymbolExists.cxx.o -c /home/crivac/robocomp/components/roboticaCC/supervisor/CMakeFiles/CMakeTmp/CheckSymbolExists.cxx
/home/crivac/robocomp/components/roboticaCC/supervisor/CMakeFiles/CMakeTmp/CheckSymbolExists.cxx: In function ‘int main(int, char**)’:
/home/crivac/robocomp/components/roboticaCC/supervisor/CMakeFiles/CMakeTmp/CheckSymbolExists.cxx:8:19: error: ‘Q_WS_MAC’ was not declared in this scope
   return ((int*)(&Q_WS_MAC))[argc];
                   ^
CMakeFiles/cmTC_7a263.dir/build.make:65: fallo en las instrucciones para el objetivo 'CMakeFiles/cmTC_7a263.dir/CheckSymbolExists.cxx.o'
make[1]: *** [CMakeFiles/cmTC_7a263.dir/CheckSymbolExists.cxx.o] Error 1
make[1]: se sale del directorio '/home/crivac/robocomp/components/roboticaCC/supervisor/CMakeFiles/CMakeTmp'
Makefile:126: fallo en las instrucciones para el objetivo 'cmTC_7a263/fast'
make: *** [cmTC_7a263/fast] Error 2

File /home/crivac/robocomp/components/roboticaCC/supervisor/CMakeFiles/CMakeTmp/CheckSymbolExists.cxx:
/* */
#include <QtCore/qglobal.h>

int main(int argc, char** argv)
{
  (void)argv;
#ifndef Q_WS_MAC
  return ((int*)(&Q_WS_MAC))[argc];
#else
  (void)argc;
  return 0;
#endif
}

Determining if the Q_WS_WIN exist failed with the following output:
Change Dir: /home/salabeta/robocomp/components/roboticaCC/supervisor/CMakeFiles/CMakeTmp

Run Build Command:"/usr/bin/make" "cmTC_91391/fast"
/usr/bin/make -f CMakeFiles/cmTC_91391.dir/build.make CMakeFiles/cmTC_91391.dir/build
make[1]: se entra en el directorio '/home/salabeta/robocomp/components/roboticaCC/supervisor/CMakeFiles/CMakeTmp'
Building CXX object CMakeFiles/cmTC_91391.dir/CheckSymbolExists.cxx.o
/usr/bin/c++    -I/usr/include/qt4   -o CMakeFiles/cmTC_91391.dir/CheckSymbolExists.cxx.o -c /home/salabeta/robocomp/components/roboticaCC/supervisor/CMakeFiles/CMakeTmp/CheckSymbolExists.cxx
/home/salabeta/robocomp/components/roboticaCC/supervisor/CMakeFiles/CMakeTmp/CheckSymbolExists.cxx: In function ‘int main(int, char**)’:
/home/salabeta/robocomp/components/roboticaCC/supervisor/CMakeFiles/CMakeTmp/CheckSymbolExists.cxx:8:19: error: ‘Q_WS_WIN’ was not declared in this scope
   return ((int*)(&Q_WS_WIN))[argc];
                   ^
CMakeFiles/cmTC_91391.dir/build.make:65: fallo en las instrucciones para el objetivo 'CMakeFiles/cmTC_91391.dir/CheckSymbolExists.cxx.o'
make[1]: *** [CMakeFiles/cmTC_91391.dir/CheckSymbolExists.cxx.o] Error 1
make[1]: se sale del directorio '/home/salabeta/robocomp/components/roboticaCC/supervisor/CMakeFiles/CMakeTmp'
Makefile:126: fallo en las instrucciones para el objetivo 'cmTC_91391/fast'
make: *** [cmTC_91391/fast] Error 2

File /home/salabeta/robocomp/components/roboticaCC/supervisor/CMakeFiles/CMakeTmp/CheckSymbolExists.cxx:
/* */
#include <QtCore/qglobal.h>

int main(int argc, char** argv)
{
  (void)argv;
#ifndef Q_WS_WIN
  return ((int*)(&Q_WS_WIN))[argc];
#else
  (void)argc;
  return 0;
#endif
}

Determining if the Q_WS_QWS exist failed with the following output:
Change Dir: /home/salabeta/robocomp/components/roboticaCC/supervisor/CMakeFiles/CMakeTmp

Run Build Command:"/usr/bin/make" "cmTC_e4d10/fast"
/usr/bin/make -f CMakeFiles/cmTC_e4d10.dir/build.make CMakeFiles/cmTC_e4d10.dir/build
make[1]: se entra en el directorio '/home/salabeta/robocomp/components/roboticaCC/supervisor/CMakeFiles/CMakeTmp'
Building CXX object CMakeFiles/cmTC_e4d10.dir/CheckSymbolExists.cxx.o
/usr/bin/c++    -I/usr/include/qt4   -o CMakeFiles/cmTC_e4d10.dir/CheckSymbolExists.cxx.o -c /home/salabeta/robocomp/components/roboticaCC/supervisor/CMakeFiles/CMakeTmp/CheckSymbolExists.cxx
/home/salabeta/robocomp/components/roboticaCC/supervisor/CMakeFiles/CMakeTmp/CheckSymbolExists.cxx: In function ‘int main(int, char**)’:
/home/salabeta/robocomp/components/roboticaCC/supervisor/CMakeFiles/CMakeTmp/CheckSymbolExists.cxx:8:19: error: ‘Q_WS_QWS’ was not declared in this scope
   return ((int*)(&Q_WS_QWS))[argc];
                   ^
CMakeFiles/cmTC_e4d10.dir/build.make:65: fallo en las instrucciones para el objetivo 'CMakeFiles/cmTC_e4d10.dir/CheckSymbolExists.cxx.o'
make[1]: *** [CMakeFiles/cmTC_e4d10.dir/CheckSymbolExists.cxx.o] Error 1
make[1]: se sale del directorio '/home/salabeta/robocomp/components/roboticaCC/supervisor/CMakeFiles/CMakeTmp'
Makefile:126: fallo en las instrucciones para el objetivo 'cmTC_e4d10/fast'
make: *** [cmTC_e4d10/fast] Error 2

File /home/salabeta/robocomp/components/roboticaCC/supervisor/CMakeFiles/CMakeTmp/CheckSymbolExists.cxx:
/* */
#include <QtCore/qglobal.h>

int main(int argc, char** argv)
{
  (void)argv;
#ifndef Q_WS_QWS
  return ((int*)(&Q_WS_QWS))[argc];
#else
  (void)argc;
  return 0;
#endif
}

Determining if the Q_WS_MAC exist failed with the following output:
Change Dir: /home/salabeta/robocomp/components/roboticaCC/supervisor/CMakeFiles/CMakeTmp

Run Build Command:"/usr/bin/make" "cmTC_53fac/fast"
/usr/bin/make -f CMakeFiles/cmTC_53fac.dir/build.make CMakeFiles/cmTC_53fac.dir/build
make[1]: se entra en el directorio '/home/salabeta/robocomp/components/roboticaCC/supervisor/CMakeFiles/CMakeTmp'
Building CXX object CMakeFiles/cmTC_53fac.dir/CheckSymbolExists.cxx.o
/usr/bin/c++    -I/usr/include/qt4   -o CMakeFiles/cmTC_53fac.dir/CheckSymbolExists.cxx.o -c /home/salabeta/robocomp/components/roboticaCC/supervisor/CMakeFiles/CMakeTmp/CheckSymbolExists.cxx
/home/salabeta/robocomp/components/roboticaCC/supervisor/CMakeFiles/CMakeTmp/CheckSymbolExists.cxx: In function ‘int main(int, char**)’:
/home/salabeta/robocomp/components/roboticaCC/supervisor/CMakeFiles/CMakeTmp/CheckSymbolExists.cxx:8:19: error: ‘Q_WS_MAC’ was not declared in this scope
   return ((int*)(&Q_WS_MAC))[argc];
                   ^
CMakeFiles/cmTC_53fac.dir/build.make:65: fallo en las instrucciones para el objetivo 'CMakeFiles/cmTC_53fac.dir/CheckSymbolExists.cxx.o'
make[1]: *** [CMakeFiles/cmTC_53fac.dir/CheckSymbolExists.cxx.o] Error 1
make[1]: se sale del directorio '/home/salabeta/robocomp/components/roboticaCC/supervisor/CMakeFiles/CMakeTmp'
Makefile:126: fallo en las instrucciones para el objetivo 'cmTC_53fac/fast'
make: *** [cmTC_53fac/fast] Error 2

File /home/salabeta/robocomp/components/roboticaCC/supervisor/CMakeFiles/CMakeTmp/CheckSymbolExists.cxx:
/* */
#include <QtCore/qglobal.h>

int main(int argc, char** argv)
{
  (void)argv;
#ifndef Q_WS_MAC
  return ((int*)(&Q_WS_MAC))[argc];
#else
  (void)argc;
  return 0;
#endif
}

Determining if the Q_WS_WIN exist failed with the following output:
Change Dir: /home/salabeta/robocomp/components/roboticaCC/supervisor/CMakeFiles/CMakeTmp

Run Build Command:"/usr/bin/make" "cmTC_cec9d/fast"
/usr/bin/make -f CMakeFiles/cmTC_cec9d.dir/build.make CMakeFiles/cmTC_cec9d.dir/build
make[1]: se entra en el directorio '/home/salabeta/robocomp/components/roboticaCC/supervisor/CMakeFiles/CMakeTmp'
Building CXX object CMakeFiles/cmTC_cec9d.dir/CheckSymbolExists.cxx.o
/usr/bin/c++    -I/usr/include/qt4   -o CMakeFiles/cmTC_cec9d.dir/CheckSymbolExists.cxx.o -c /home/salabeta/robocomp/components/roboticaCC/supervisor/CMakeFiles/CMakeTmp/CheckSymbolExists.cxx
/home/salabeta/robocomp/components/roboticaCC/supervisor/CMakeFiles/CMakeTmp/CheckSymbolExists.cxx: In function ‘int main(int, char**)’:
/home/salabeta/robocomp/components/roboticaCC/supervisor/CMakeFiles/CMakeTmp/CheckSymbolExists.cxx:8:19: error: ‘Q_WS_WIN’ was not declared in this scope
   return ((int*)(&Q_WS_WIN))[argc];
                   ^
CMakeFiles/cmTC_cec9d.dir/build.make:65: fallo en las instrucciones para el objetivo 'CMakeFiles/cmTC_cec9d.dir/CheckSymbolExists.cxx.o'
make[1]: *** [CMakeFiles/cmTC_cec9d.dir/CheckSymbolExists.cxx.o] Error 1
make[1]: se sale del directorio '/home/salabeta/robocomp/components/roboticaCC/supervisor/CMakeFiles/CMakeTmp'
Makefile:126: fallo en las instrucciones para el objetivo 'cmTC_cec9d/fast'
make: *** [cmTC_cec9d/fast] Error 2

File /home/salabeta/robocomp/components/roboticaCC/supervisor/CMakeFiles/CMakeTmp/CheckSymbolExists.cxx:
/* */
#include <QtCore/qglobal.h>

int main(int argc, char** argv)
{
  (void)argv;
#ifndef Q_WS_WIN
  return ((int*)(&Q_WS_WIN))[argc];
#else
  (void)argc;
  return 0;
#endif
}

Determining if the Q_WS_QWS exist failed with the following output:
Change Dir: /home/salabeta/robocomp/components/roboticaCC/supervisor/CMakeFiles/CMakeTmp

Run Build Command:"/usr/bin/make" "cmTC_1cac4/fast"
/usr/bin/make -f CMakeFiles/cmTC_1cac4.dir/build.make CMakeFiles/cmTC_1cac4.dir/build
make[1]: se entra en el directorio '/home/salabeta/robocomp/components/roboticaCC/supervisor/CMakeFiles/CMakeTmp'
Building CXX object CMakeFiles/cmTC_1cac4.dir/CheckSymbolExists.cxx.o
/usr/bin/c++    -I/usr/include/qt4   -o CMakeFiles/cmTC_1cac4.dir/CheckSymbolExists.cxx.o -c /home/salabeta/robocomp/components/roboticaCC/supervisor/CMakeFiles/CMakeTmp/CheckSymbolExists.cxx
/home/salabeta/robocomp/components/roboticaCC/supervisor/CMakeFiles/CMakeTmp/CheckSymbolExists.cxx: In function ‘int main(int, char**)’:
/home/salabeta/robocomp/components/roboticaCC/supervisor/CMakeFiles/CMakeTmp/CheckSymbolExists.cxx:8:19: error: ‘Q_WS_QWS’ was not declared in this scope
   return ((int*)(&Q_WS_QWS))[argc];
                   ^
CMakeFiles/cmTC_1cac4.dir/build.make:65: fallo en las instrucciones para el objetivo 'CMakeFiles/cmTC_1cac4.dir/CheckSymbolExists.cxx.o'
make[1]: *** [CMakeFiles/cmTC_1cac4.dir/CheckSymbolExists.cxx.o] Error 1
make[1]: se sale del directorio '/home/salabeta/robocomp/components/roboticaCC/supervisor/CMakeFiles/CMakeTmp'
Makefile:126: fallo en las instrucciones para el objetivo 'cmTC_1cac4/fast'
make: *** [cmTC_1cac4/fast] Error 2

File /home/salabeta/robocomp/components/roboticaCC/supervisor/CMakeFiles/CMakeTmp/CheckSymbolExists.cxx:
/* */
#include <QtCore/qglobal.h>

int main(int argc, char** argv)
{
  (void)argv;
#ifndef Q_WS_QWS
  return ((int*)(&Q_WS_QWS))[argc];
#else
  (void)argc;
  return 0;
#endif
}

Determining if the Q_WS_MAC exist failed with the following output:
Change Dir: /home/salabeta/robocomp/components/roboticaCC/supervisor/CMakeFiles/CMakeTmp

Run Build Command:"/usr/bin/make" "cmTC_ea71e/fast"
/usr/bin/make -f CMakeFiles/cmTC_ea71e.dir/build.make CMakeFiles/cmTC_ea71e.dir/build
make[1]: se entra en el directorio '/home/salabeta/robocomp/components/roboticaCC/supervisor/CMakeFiles/CMakeTmp'
Building CXX object CMakeFiles/cmTC_ea71e.dir/CheckSymbolExists.cxx.o
/usr/bin/c++    -I/usr/include/qt4   -o CMakeFiles/cmTC_ea71e.dir/CheckSymbolExists.cxx.o -c /home/salabeta/robocomp/components/roboticaCC/supervisor/CMakeFiles/CMakeTmp/CheckSymbolExists.cxx
/home/salabeta/robocomp/components/roboticaCC/supervisor/CMakeFiles/CMakeTmp/CheckSymbolExists.cxx: In function ‘int main(int, char**)’:
/home/salabeta/robocomp/components/roboticaCC/supervisor/CMakeFiles/CMakeTmp/CheckSymbolExists.cxx:8:19: error: ‘Q_WS_MAC’ was not declared in this scope
   return ((int*)(&Q_WS_MAC))[argc];
                   ^
CMakeFiles/cmTC_ea71e.dir/build.make:65: fallo en las instrucciones para el objetivo 'CMakeFiles/cmTC_ea71e.dir/CheckSymbolExists.cxx.o'
make[1]: *** [CMakeFiles/cmTC_ea71e.dir/CheckSymbolExists.cxx.o] Error 1
make[1]: se sale del directorio '/home/salabeta/robocomp/components/roboticaCC/supervisor/CMakeFiles/CMakeTmp'
Makefile:126: fallo en las instrucciones para el objetivo 'cmTC_ea71e/fast'
make: *** [cmTC_ea71e/fast] Error 2

File /home/salabeta/robocomp/components/roboticaCC/supervisor/CMakeFiles/CMakeTmp/CheckSymbolExists.cxx:
/* */
#include <QtCore/qglobal.h>

int main(int argc, char** argv)
{
  (void)argv;
#ifndef Q_WS_MAC
  return ((int*)(&Q_WS_MAC))[argc];
#else
  (void)argc;
  return 0;
#endif
}

Determining if the Q_WS_WIN exist failed with the following output:
Change Dir: /home/salabeta/robocomp/components/roboticaCC/supervisor/CMakeFiles/CMakeTmp

Run Build Command:"/usr/bin/make" "cmTC_8ad9a/fast"
/usr/bin/make -f CMakeFiles/cmTC_8ad9a.dir/build.make CMakeFiles/cmTC_8ad9a.dir/build
make[1]: se entra en el directorio '/home/salabeta/robocomp/components/roboticaCC/supervisor/CMakeFiles/CMakeTmp'
Building CXX object CMakeFiles/cmTC_8ad9a.dir/CheckSymbolExists.cxx.o
/usr/bin/c++    -I/usr/include/qt4   -o CMakeFiles/cmTC_8ad9a.dir/CheckSymbolExists.cxx.o -c /home/salabeta/robocomp/components/roboticaCC/supervisor/CMakeFiles/CMakeTmp/CheckSymbolExists.cxx
/home/salabeta/robocomp/components/roboticaCC/supervisor/CMakeFiles/CMakeTmp/CheckSymbolExists.cxx: In function ‘int main(int, char**)’:
/home/salabeta/robocomp/components/roboticaCC/supervisor/CMakeFiles/CMakeTmp/CheckSymbolExists.cxx:8:19: error: ‘Q_WS_WIN’ was not declared in this scope
   return ((int*)(&Q_WS_WIN))[argc];
                   ^
CMakeFiles/cmTC_8ad9a.dir/build.make:65: fallo en las instrucciones para el objetivo 'CMakeFiles/cmTC_8ad9a.dir/CheckSymbolExists.cxx.o'
make[1]: *** [CMakeFiles/cmTC_8ad9a.dir/CheckSymbolExists.cxx.o] Error 1
make[1]: se sale del directorio '/home/salabeta/robocomp/components/roboticaCC/supervisor/CMakeFiles/CMakeTmp'
Makefile:126: fallo en las instrucciones para el objetivo 'cmTC_8ad9a/fast'
make: *** [cmTC_8ad9a/fast] Error 2

File /home/salabeta/robocomp/components/roboticaCC/supervisor/CMakeFiles/CMakeTmp/CheckSymbolExists.cxx:
/* */
#include <QtCore/qglobal.h>

int main(int argc, char** argv)
{
  (void)argv;
#ifndef Q_WS_WIN
  return ((int*)(&Q_WS_WIN))[argc];
#else
  (void)argc;
  return 0;
#endif
}

Determining if the Q_WS_QWS exist failed with the following output:
Change Dir: /home/salabeta/robocomp/components/roboticaCC/supervisor/CMakeFiles/CMakeTmp

Run Build Command:"/usr/bin/make" "cmTC_559fb/fast"
/usr/bin/make -f CMakeFiles/cmTC_559fb.dir/build.make CMakeFiles/cmTC_559fb.dir/build
make[1]: se entra en el directorio '/home/salabeta/robocomp/components/roboticaCC/supervisor/CMakeFiles/CMakeTmp'
Building CXX object CMakeFiles/cmTC_559fb.dir/CheckSymbolExists.cxx.o
/usr/bin/c++    -I/usr/include/qt4   -o CMakeFiles/cmTC_559fb.dir/CheckSymbolExists.cxx.o -c /home/salabeta/robocomp/components/roboticaCC/supervisor/CMakeFiles/CMakeTmp/CheckSymbolExists.cxx
/home/salabeta/robocomp/components/roboticaCC/supervisor/CMakeFiles/CMakeTmp/CheckSymbolExists.cxx: In function ‘int main(int, char**)’:
/home/salabeta/robocomp/components/roboticaCC/supervisor/CMakeFiles/CMakeTmp/CheckSymbolExists.cxx:8:19: error: ‘Q_WS_QWS’ was not declared in this scope
   return ((int*)(&Q_WS_QWS))[argc];
                   ^
CMakeFiles/cmTC_559fb.dir/build.make:65: fallo en las instrucciones para el objetivo 'CMakeFiles/cmTC_559fb.dir/CheckSymbolExists.cxx.o'
make[1]: *** [CMakeFiles/cmTC_559fb.dir/CheckSymbolExists.cxx.o] Error 1
make[1]: se sale del directorio '/home/salabeta/robocomp/components/roboticaCC/supervisor/CMakeFiles/CMakeTmp'
Makefile:126: fallo en las instrucciones para el objetivo 'cmTC_559fb/fast'
make: *** [cmTC_559fb/fast] Error 2

File /home/salabeta/robocomp/components/roboticaCC/supervisor/CMakeFiles/CMakeTmp/CheckSymbolExists.cxx:
/* */
#include <QtCore/qglobal.h>

int main(int argc, char** argv)
{
  (void)argv;
#ifndef Q_WS_QWS
  return ((int*)(&Q_WS_QWS))[argc];
#else
  (void)argc;
  return 0;
#endif
}

Determining if the Q_WS_MAC exist failed with the following output:
Change Dir: /home/salabeta/robocomp/components/roboticaCC/supervisor/CMakeFiles/CMakeTmp

Run Build Command:"/usr/bin/make" "cmTC_84116/fast"
/usr/bin/make -f CMakeFiles/cmTC_84116.dir/build.make CMakeFiles/cmTC_84116.dir/build
make[1]: se entra en el directorio '/home/salabeta/robocomp/components/roboticaCC/supervisor/CMakeFiles/CMakeTmp'
Building CXX object CMakeFiles/cmTC_84116.dir/CheckSymbolExists.cxx.o
/usr/bin/c++    -I/usr/include/qt4   -o CMakeFiles/cmTC_84116.dir/CheckSymbolExists.cxx.o -c /home/salabeta/robocomp/components/roboticaCC/supervisor/CMakeFiles/CMakeTmp/CheckSymbolExists.cxx
/home/salabeta/robocomp/components/roboticaCC/supervisor/CMakeFiles/CMakeTmp/CheckSymbolExists.cxx: In function ‘int main(int, char**)’:
/home/salabeta/robocomp/components/roboticaCC/supervisor/CMakeFiles/CMakeTmp/CheckSymbolExists.cxx:8:19: error: ‘Q_WS_MAC’ was not declared in this scope
   return ((int*)(&Q_WS_MAC))[argc];
                   ^
CMakeFiles/cmTC_84116.dir/build.make:65: fallo en las instrucciones para el objetivo 'CMakeFiles/cmTC_84116.dir/CheckSymbolExists.cxx.o'
make[1]: *** [CMakeFiles/cmTC_84116.dir/CheckSymbolExists.cxx.o] Error 1
make[1]: se sale del directorio '/home/salabeta/robocomp/components/roboticaCC/supervisor/CMakeFiles/CMakeTmp'
Makefile:126: fallo en las instrucciones para el objetivo 'cmTC_84116/fast'
make: *** [cmTC_84116/fast] Error 2

File /home/salabeta/robocomp/components/roboticaCC/supervisor/CMakeFiles/CMakeTmp/CheckSymbolExists.cxx:
/* */
#include <QtCore/qglobal.h>

int main(int argc, char** argv)
{
  (void)argv;
#ifndef Q_WS_MAC
  return ((int*)(&Q_WS_MAC))[argc];
#else
  (void)argc;
  return 0;
#endif
}

Determining if the Q_WS_WIN exist failed with the following output:
Change Dir: /home/salabeta/robocomp/components/roboticaCC/supervisor/CMakeFiles/CMakeTmp

Run Build Command:"/usr/bin/make" "cmTC_87c3e/fast"
/usr/bin/make -f CMakeFiles/cmTC_87c3e.dir/build.make CMakeFiles/cmTC_87c3e.dir/build
make[1]: se entra en el directorio '/home/salabeta/robocomp/components/roboticaCC/supervisor/CMakeFiles/CMakeTmp'
Building CXX object CMakeFiles/cmTC_87c3e.dir/CheckSymbolExists.cxx.o
/usr/bin/c++    -I/usr/include/qt4   -o CMakeFiles/cmTC_87c3e.dir/CheckSymbolExists.cxx.o -c /home/salabeta/robocomp/components/roboticaCC/supervisor/CMakeFiles/CMakeTmp/CheckSymbolExists.cxx
/home/salabeta/robocomp/components/roboticaCC/supervisor/CMakeFiles/CMakeTmp/CheckSymbolExists.cxx: In function ‘int main(int, char**)’:
/home/salabeta/robocomp/components/roboticaCC/supervisor/CMakeFiles/CMakeTmp/CheckSymbolExists.cxx:8:19: error: ‘Q_WS_WIN’ was not declared in this scope
   return ((int*)(&Q_WS_WIN))[argc];
                   ^
CMakeFiles/cmTC_87c3e.dir/build.make:65: fallo en las instrucciones para el objetivo 'CMakeFiles/cmTC_87c3e.dir/CheckSymbolExists.cxx.o'
make[1]: *** [CMakeFiles/cmTC_87c3e.dir/CheckSymbolExists.cxx.o] Error 1
make[1]: se sale del directorio '/home/salabeta/robocomp/components/roboticaCC/supervisor/CMakeFiles/CMakeTmp'
Makefile:126: fallo en las instrucciones para el objetivo 'cmTC_87c3e/fast'
make: *** [cmTC_87c3e/fast] Error 2

File /home/salabeta/robocomp/components/roboticaCC/supervisor/CMakeFiles/CMakeTmp/CheckSymbolExists.cxx:
/* */
#include <QtCore/qglobal.h>

int main(int argc, char** argv)
{
  (void)argv;
#ifndef Q_WS_WIN
  return ((int*)(&Q_WS_WIN))[argc];
#else
  (void)argc;
  return 0;
#endif
}

Determining if the Q_WS_QWS exist failed with the following output:
Change Dir: /home/salabeta/robocomp/components/roboticaCC/supervisor/CMakeFiles/CMakeTmp

Run Build Command:"/usr/bin/make" "cmTC_60c7f/fast"
/usr/bin/make -f CMakeFiles/cmTC_60c7f.dir/build.make CMakeFiles/cmTC_60c7f.dir/build
make[1]: se entra en el directorio '/home/salabeta/robocomp/components/roboticaCC/supervisor/CMakeFiles/CMakeTmp'
Building CXX object CMakeFiles/cmTC_60c7f.dir/CheckSymbolExists.cxx.o
/usr/bin/c++    -I/usr/include/qt4   -o CMakeFiles/cmTC_60c7f.dir/CheckSymbolExists.cxx.o -c /home/salabeta/robocomp/components/roboticaCC/supervisor/CMakeFiles/CMakeTmp/CheckSymbolExists.cxx
/home/salabeta/robocomp/components/roboticaCC/supervisor/CMakeFiles/CMakeTmp/CheckSymbolExists.cxx: In function ‘int main(int, char**)’:
/home/salabeta/robocomp/components/roboticaCC/supervisor/CMakeFiles/CMakeTmp/CheckSymbolExists.cxx:8:19: error: ‘Q_WS_QWS’ was not declared in this scope
   return ((int*)(&Q_WS_QWS))[argc];
                   ^
CMakeFiles/cmTC_60c7f.dir/build.make:65: fallo en las instrucciones para el objetivo 'CMakeFiles/cmTC_60c7f.dir/CheckSymbolExists.cxx.o'
make[1]: *** [CMakeFiles/cmTC_60c7f.dir/CheckSymbolExists.cxx.o] Error 1
make[1]: se sale del directorio '/home/salabeta/robocomp/components/roboticaCC/supervisor/CMakeFiles/CMakeTmp'
Makefile:126: fallo en las instrucciones para el objetivo 'cmTC_60c7f/fast'
make: *** [cmTC_60c7f/fast] Error 2

File /home/salabeta/robocomp/components/roboticaCC/supervisor/CMakeFiles/CMakeTmp/CheckSymbolExists.cxx:
/* */
#include <QtCore/qglobal.h>

int main(int argc, char** argv)
{
  (void)argv;
#ifndef Q_WS_QWS
  return ((int*)(&Q_WS_QWS))[argc];
#else
  (void)argc;
  return 0;
#endif
}

Determining if the Q_WS_MAC exist failed with the following output:
Change Dir: /home/salabeta/robocomp/components/roboticaCC/supervisor/CMakeFiles/CMakeTmp

Run Build Command:"/usr/bin/make" "cmTC_0a6f4/fast"
/usr/bin/make -f CMakeFiles/cmTC_0a6f4.dir/build.make CMakeFiles/cmTC_0a6f4.dir/build
make[1]: se entra en el directorio '/home/salabeta/robocomp/components/roboticaCC/supervisor/CMakeFiles/CMakeTmp'
Building CXX object CMakeFiles/cmTC_0a6f4.dir/CheckSymbolExists.cxx.o
/usr/bin/c++    -I/usr/include/qt4   -o CMakeFiles/cmTC_0a6f4.dir/CheckSymbolExists.cxx.o -c /home/salabeta/robocomp/components/roboticaCC/supervisor/CMakeFiles/CMakeTmp/CheckSymbolExists.cxx
/home/salabeta/robocomp/components/roboticaCC/supervisor/CMakeFiles/CMakeTmp/CheckSymbolExists.cxx: In function ‘int main(int, char**)’:
/home/salabeta/robocomp/components/roboticaCC/supervisor/CMakeFiles/CMakeTmp/CheckSymbolExists.cxx:8:19: error: ‘Q_WS_MAC’ was not declared in this scope
   return ((int*)(&Q_WS_MAC))[argc];
                   ^
CMakeFiles/cmTC_0a6f4.dir/build.make:65: fallo en las instrucciones para el objetivo 'CMakeFiles/cmTC_0a6f4.dir/CheckSymbolExists.cxx.o'
make[1]: *** [CMakeFiles/cmTC_0a6f4.dir/CheckSymbolExists.cxx.o] Error 1
make[1]: se sale del directorio '/home/salabeta/robocomp/components/roboticaCC/supervisor/CMakeFiles/CMakeTmp'
Makefile:126: fallo en las instrucciones para el objetivo 'cmTC_0a6f4/fast'
make: *** [cmTC_0a6f4/fast] Error 2

File /home/salabeta/robocomp/components/roboticaCC/supervisor/CMakeFiles/CMakeTmp/CheckSymbolExists.cxx:
/* */
#include <QtCore/qglobal.h>

int main(int argc, char** argv)
{
  (void)argv;
#ifndef Q_WS_MAC
  return ((int*)(&Q_WS_MAC))[argc];
#else
  (void)argc;
  return 0;
#endif
}

Determining if the Q_WS_WIN exist failed with the following output:
Change Dir: /home/salabeta/robocomp/components/roboticaCC/supervisor/CMakeFiles/CMakeTmp

Run Build Command:"/usr/bin/make" "cmTC_2acbd/fast"
/usr/bin/make -f CMakeFiles/cmTC_2acbd.dir/build.make CMakeFiles/cmTC_2acbd.dir/build
make[1]: se entra en el directorio '/home/salabeta/robocomp/components/roboticaCC/supervisor/CMakeFiles/CMakeTmp'
Building CXX object CMakeFiles/cmTC_2acbd.dir/CheckSymbolExists.cxx.o
/usr/bin/c++    -I/usr/include/qt4   -o CMakeFiles/cmTC_2acbd.dir/CheckSymbolExists.cxx.o -c /home/salabeta/robocomp/components/roboticaCC/supervisor/CMakeFiles/CMakeTmp/CheckSymbolExists.cxx
/home/salabeta/robocomp/components/roboticaCC/supervisor/CMakeFiles/CMakeTmp/CheckSymbolExists.cxx: In function ‘int main(int, char**)’:
/home/salabeta/robocomp/components/roboticaCC/supervisor/CMakeFiles/CMakeTmp/CheckSymbolExists.cxx:8:19: error: ‘Q_WS_WIN’ was not declared in this scope
   return ((int*)(&Q_WS_WIN))[argc];
                   ^
CMakeFiles/cmTC_2acbd.dir/build.make:65: fallo en las instrucciones para el objetivo 'CMakeFiles/cmTC_2acbd.dir/CheckSymbolExists.cxx.o'
make[1]: *** [CMakeFiles/cmTC_2acbd.dir/CheckSymbolExists.cxx.o] Error 1
make[1]: se sale del directorio '/home/salabeta/robocomp/components/roboticaCC/supervisor/CMakeFiles/CMakeTmp'
Makefile:126: fallo en las instrucciones para el objetivo 'cmTC_2acbd/fast'
make: *** [cmTC_2acbd/fast] Error 2

File /home/salabeta/robocomp/components/roboticaCC/supervisor/CMakeFiles/CMakeTmp/CheckSymbolExists.cxx:
/* */
#include <QtCore/qglobal.h>

int main(int argc, char** argv)
{
  (void)argv;
#ifndef Q_WS_WIN
  return ((int*)(&Q_WS_WIN))[argc];
#else
  (void)argc;
  return 0;
#endif
}

Determining if the Q_WS_QWS exist failed with the following output:
Change Dir: /home/salabeta/robocomp/components/roboticaCC/supervisor/CMakeFiles/CMakeTmp

Run Build Command:"/usr/bin/make" "cmTC_81f08/fast"
/usr/bin/make -f CMakeFiles/cmTC_81f08.dir/build.make CMakeFiles/cmTC_81f08.dir/build
make[1]: se entra en el directorio '/home/salabeta/robocomp/components/roboticaCC/supervisor/CMakeFiles/CMakeTmp'
Building CXX object CMakeFiles/cmTC_81f08.dir/CheckSymbolExists.cxx.o
/usr/bin/c++    -I/usr/include/qt4   -o CMakeFiles/cmTC_81f08.dir/CheckSymbolExists.cxx.o -c /home/salabeta/robocomp/components/roboticaCC/supervisor/CMakeFiles/CMakeTmp/CheckSymbolExists.cxx
/home/salabeta/robocomp/components/roboticaCC/supervisor/CMakeFiles/CMakeTmp/CheckSymbolExists.cxx: In function ‘int main(int, char**)’:
/home/salabeta/robocomp/components/roboticaCC/supervisor/CMakeFiles/CMakeTmp/CheckSymbolExists.cxx:8:19: error: ‘Q_WS_QWS’ was not declared in this scope
   return ((int*)(&Q_WS_QWS))[argc];
                   ^
CMakeFiles/cmTC_81f08.dir/build.make:65: fallo en las instrucciones para el objetivo 'CMakeFiles/cmTC_81f08.dir/CheckSymbolExists.cxx.o'
make[1]: *** [CMakeFiles/cmTC_81f08.dir/CheckSymbolExists.cxx.o] Error 1
make[1]: se sale del directorio '/home/salabeta/robocomp/components/roboticaCC/supervisor/CMakeFiles/CMakeTmp'
Makefile:126: fallo en las instrucciones para el objetivo 'cmTC_81f08/fast'
make: *** [cmTC_81f08/fast] Error 2

File /home/salabeta/robocomp/components/roboticaCC/supervisor/CMakeFiles/CMakeTmp/CheckSymbolExists.cxx:
/* */
#include <QtCore/qglobal.h>

int main(int argc, char** argv)
{
  (void)argv;
#ifndef Q_WS_QWS
  return ((int*)(&Q_WS_QWS))[argc];
#else
  (void)argc;
  return 0;
#endif
}

Determining if the Q_WS_MAC exist failed with the following output:
Change Dir: /home/salabeta/robocomp/components/roboticaCC/supervisor/CMakeFiles/CMakeTmp

Run Build Command:"/usr/bin/make" "cmTC_5f591/fast"
/usr/bin/make -f CMakeFiles/cmTC_5f591.dir/build.make CMakeFiles/cmTC_5f591.dir/build
make[1]: se entra en el directorio '/home/salabeta/robocomp/components/roboticaCC/supervisor/CMakeFiles/CMakeTmp'
Building CXX object CMakeFiles/cmTC_5f591.dir/CheckSymbolExists.cxx.o
/usr/bin/c++    -I/usr/include/qt4   -o CMakeFiles/cmTC_5f591.dir/CheckSymbolExists.cxx.o -c /home/salabeta/robocomp/components/roboticaCC/supervisor/CMakeFiles/CMakeTmp/CheckSymbolExists.cxx
/home/salabeta/robocomp/components/roboticaCC/supervisor/CMakeFiles/CMakeTmp/CheckSymbolExists.cxx: In function ‘int main(int, char**)’:
/home/salabeta/robocomp/components/roboticaCC/supervisor/CMakeFiles/CMakeTmp/CheckSymbolExists.cxx:8:19: error: ‘Q_WS_MAC’ was not declared in this scope
   return ((int*)(&Q_WS_MAC))[argc];
                   ^
CMakeFiles/cmTC_5f591.dir/build.make:65: fallo en las instrucciones para el objetivo 'CMakeFiles/cmTC_5f591.dir/CheckSymbolExists.cxx.o'
make[1]: *** [CMakeFiles/cmTC_5f591.dir/CheckSymbolExists.cxx.o] Error 1
make[1]: se sale del directorio '/home/salabeta/robocomp/components/roboticaCC/supervisor/CMakeFiles/CMakeTmp'
Makefile:126: fallo en las instrucciones para el objetivo 'cmTC_5f591/fast'
make: *** [cmTC_5f591/fast] Error 2

File /home/salabeta/robocomp/components/roboticaCC/supervisor/CMakeFiles/CMakeTmp/CheckSymbolExists.cxx:
/* */
#include <QtCore/qglobal.h>

int main(int argc, char** argv)
{
  (void)argv;
#ifndef Q_WS_MAC
  return ((int*)(&Q_WS_MAC))[argc];
#else
  (void)argc;
  return 0;
#endif
}

Determining if the Q_WS_WIN exist failed with the following output:
Change Dir: /home/salabeta/robocomp/components/roboticaCC/supervisor/CMakeFiles/CMakeTmp

Run Build Command:"/usr/bin/make" "cmTC_ead70/fast"
/usr/bin/make -f CMakeFiles/cmTC_ead70.dir/build.make CMakeFiles/cmTC_ead70.dir/build
make[1]: se entra en el directorio '/home/salabeta/robocomp/components/roboticaCC/supervisor/CMakeFiles/CMakeTmp'
Building CXX object CMakeFiles/cmTC_ead70.dir/CheckSymbolExists.cxx.o
/usr/bin/c++    -I/usr/include/qt4   -o CMakeFiles/cmTC_ead70.dir/CheckSymbolExists.cxx.o -c /home/salabeta/robocomp/components/roboticaCC/supervisor/CMakeFiles/CMakeTmp/CheckSymbolExists.cxx
/home/salabeta/robocomp/components/roboticaCC/supervisor/CMakeFiles/CMakeTmp/CheckSymbolExists.cxx: In function ‘int main(int, char**)’:
/home/salabeta/robocomp/components/roboticaCC/supervisor/CMakeFiles/CMakeTmp/CheckSymbolExists.cxx:8:19: error: ‘Q_WS_WIN’ was not declared in this scope
   return ((int*)(&Q_WS_WIN))[argc];
                   ^
CMakeFiles/cmTC_ead70.dir/build.make:65: fallo en las instrucciones para el objetivo 'CMakeFiles/cmTC_ead70.dir/CheckSymbolExists.cxx.o'
make[1]: *** [CMakeFiles/cmTC_ead70.dir/CheckSymbolExists.cxx.o] Error 1
make[1]: se sale del directorio '/home/salabeta/robocomp/components/roboticaCC/supervisor/CMakeFiles/CMakeTmp'
Makefile:126: fallo en las instrucciones para el objetivo 'cmTC_ead70/fast'
make: *** [cmTC_ead70/fast] Error 2

File /home/salabeta/robocomp/components/roboticaCC/supervisor/CMakeFiles/CMakeTmp/CheckSymbolExists.cxx:
/* */
#include <QtCore/qglobal.h>

int main(int argc, char** argv)
{
  (void)argv;
#ifndef Q_WS_WIN
  return ((int*)(&Q_WS_WIN))[argc];
#else
  (void)argc;
  return 0;
#endif
}

Determining if the Q_WS_QWS exist failed with the following output:
Change Dir: /home/salabeta/robocomp/components/roboticaCC/supervisor/CMakeFiles/CMakeTmp

Run Build Command:"/usr/bin/make" "cmTC_7d977/fast"
/usr/bin/make -f CMakeFiles/cmTC_7d977.dir/build.make CMakeFiles/cmTC_7d977.dir/build
make[1]: se entra en el directorio '/home/salabeta/robocomp/components/roboticaCC/supervisor/CMakeFiles/CMakeTmp'
Building CXX object CMakeFiles/cmTC_7d977.dir/CheckSymbolExists.cxx.o
/usr/bin/c++    -I/usr/include/qt4   -o CMakeFiles/cmTC_7d977.dir/CheckSymbolExists.cxx.o -c /home/salabeta/robocomp/components/roboticaCC/supervisor/CMakeFiles/CMakeTmp/CheckSymbolExists.cxx
/home/salabeta/robocomp/components/roboticaCC/supervisor/CMakeFiles/CMakeTmp/CheckSymbolExists.cxx: In function ‘int main(int, char**)’:
/home/salabeta/robocomp/components/roboticaCC/supervisor/CMakeFiles/CMakeTmp/CheckSymbolExists.cxx:8:19: error: ‘Q_WS_QWS’ was not declared in this scope
   return ((int*)(&Q_WS_QWS))[argc];
                   ^
CMakeFiles/cmTC_7d977.dir/build.make:65: fallo en las instrucciones para el objetivo 'CMakeFiles/cmTC_7d977.dir/CheckSymbolExists.cxx.o'
make[1]: *** [CMakeFiles/cmTC_7d977.dir/CheckSymbolExists.cxx.o] Error 1
make[1]: se sale del directorio '/home/salabeta/robocomp/components/roboticaCC/supervisor/CMakeFiles/CMakeTmp'
Makefile:126: fallo en las instrucciones para el objetivo 'cmTC_7d977/fast'
make: *** [cmTC_7d977/fast] Error 2

File /home/salabeta/robocomp/components/roboticaCC/supervisor/CMakeFiles/CMakeTmp/CheckSymbolExists.cxx:
/* */
#include <QtCore/qglobal.h>

int main(int argc, char** argv)
{
  (void)argv;
#ifndef Q_WS_QWS
  return ((int*)(&Q_WS_QWS))[argc];
#else
  (void)argc;
  return 0;
#endif
}

Determining if the Q_WS_MAC exist failed with the following output:
Change Dir: /home/salabeta/robocomp/components/roboticaCC/supervisor/CMakeFiles/CMakeTmp

Run Build Command:"/usr/bin/make" "cmTC_ecc44/fast"
/usr/bin/make -f CMakeFiles/cmTC_ecc44.dir/build.make CMakeFiles/cmTC_ecc44.dir/build
make[1]: se entra en el directorio '/home/salabeta/robocomp/components/roboticaCC/supervisor/CMakeFiles/CMakeTmp'
Building CXX object CMakeFiles/cmTC_ecc44.dir/CheckSymbolExists.cxx.o
/usr/bin/c++    -I/usr/include/qt4   -o CMakeFiles/cmTC_ecc44.dir/CheckSymbolExists.cxx.o -c /home/salabeta/robocomp/components/roboticaCC/supervisor/CMakeFiles/CMakeTmp/CheckSymbolExists.cxx
/home/salabeta/robocomp/components/roboticaCC/supervisor/CMakeFiles/CMakeTmp/CheckSymbolExists.cxx: In function ‘int main(int, char**)’:
/home/salabeta/robocomp/components/roboticaCC/supervisor/CMakeFiles/CMakeTmp/CheckSymbolExists.cxx:8:19: error: ‘Q_WS_MAC’ was not declared in this scope
   return ((int*)(&Q_WS_MAC))[argc];
                   ^
CMakeFiles/cmTC_ecc44.dir/build.make:65: fallo en las instrucciones para el objetivo 'CMakeFiles/cmTC_ecc44.dir/CheckSymbolExists.cxx.o'
make[1]: *** [CMakeFiles/cmTC_ecc44.dir/CheckSymbolExists.cxx.o] Error 1
make[1]: se sale del directorio '/home/salabeta/robocomp/components/roboticaCC/supervisor/CMakeFiles/CMakeTmp'
Makefile:126: fallo en las instrucciones para el objetivo 'cmTC_ecc44/fast'
make: *** [cmTC_ecc44/fast] Error 2

File /home/salabeta/robocomp/components/roboticaCC/supervisor/CMakeFiles/CMakeTmp/CheckSymbolExists.cxx:
/* */
#include <QtCore/qglobal.h>

int main(int argc, char** argv)
{
  (void)argv;
#ifndef Q_WS_MAC
  return ((int*)(&Q_WS_MAC))[argc];
#else
  (void)argc;
  return 0;
#endif
}

Determining if the Q_WS_WIN exist failed with the following output:
Change Dir: /home/crivac/robocomp/components/roboticaCC/supervisor/CMakeFiles/CMakeTmp

Run Build Command:"/usr/bin/make" "cmTC_b17c3/fast"
/usr/bin/make -f CMakeFiles/cmTC_b17c3.dir/build.make CMakeFiles/cmTC_b17c3.dir/build
make[1]: se entra en el directorio '/home/crivac/robocomp/components/roboticaCC/supervisor/CMakeFiles/CMakeTmp'
Building CXX object CMakeFiles/cmTC_b17c3.dir/CheckSymbolExists.cxx.o
/usr/bin/c++    -I/usr/include/qt4   -o CMakeFiles/cmTC_b17c3.dir/CheckSymbolExists.cxx.o -c /home/crivac/robocomp/components/roboticaCC/supervisor/CMakeFiles/CMakeTmp/CheckSymbolExists.cxx
/home/crivac/robocomp/components/roboticaCC/supervisor/CMakeFiles/CMakeTmp/CheckSymbolExists.cxx: In function ‘int main(int, char**)’:
/home/crivac/robocomp/components/roboticaCC/supervisor/CMakeFiles/CMakeTmp/CheckSymbolExists.cxx:8:19: error: ‘Q_WS_WIN’ was not declared in this scope
   return ((int*)(&Q_WS_WIN))[argc];
                   ^
CMakeFiles/cmTC_b17c3.dir/build.make:65: fallo en las instrucciones para el objetivo 'CMakeFiles/cmTC_b17c3.dir/CheckSymbolExists.cxx.o'
make[1]: *** [CMakeFiles/cmTC_b17c3.dir/CheckSymbolExists.cxx.o] Error 1
make[1]: se sale del directorio '/home/crivac/robocomp/components/roboticaCC/supervisor/CMakeFiles/CMakeTmp'
Makefile:126: fallo en las instrucciones para el objetivo 'cmTC_b17c3/fast'
make: *** [cmTC_b17c3/fast] Error 2

File /home/crivac/robocomp/components/roboticaCC/supervisor/CMakeFiles/CMakeTmp/CheckSymbolExists.cxx:
/* */
#include <QtCore/qglobal.h>

int main(int argc, char** argv)
{
  (void)argv;
#ifndef Q_WS_WIN
  return ((int*)(&Q_WS_WIN))[argc];
#else
  (void)argc;
  return 0;
#endif
}

Determining if the Q_WS_QWS exist failed with the following output:
Change Dir: /home/crivac/robocomp/components/roboticaCC/supervisor/CMakeFiles/CMakeTmp

Run Build Command:"/usr/bin/make" "cmTC_55aaf/fast"
/usr/bin/make -f CMakeFiles/cmTC_55aaf.dir/build.make CMakeFiles/cmTC_55aaf.dir/build
make[1]: se entra en el directorio '/home/crivac/robocomp/components/roboticaCC/supervisor/CMakeFiles/CMakeTmp'
Building CXX object CMakeFiles/cmTC_55aaf.dir/CheckSymbolExists.cxx.o
/usr/bin/c++    -I/usr/include/qt4   -o CMakeFiles/cmTC_55aaf.dir/CheckSymbolExists.cxx.o -c /home/crivac/robocomp/components/roboticaCC/supervisor/CMakeFiles/CMakeTmp/CheckSymbolExists.cxx
/home/crivac/robocomp/components/roboticaCC/supervisor/CMakeFiles/CMakeTmp/CheckSymbolExists.cxx: In function ‘int main(int, char**)’:
/home/crivac/robocomp/components/roboticaCC/supervisor/CMakeFiles/CMakeTmp/CheckSymbolExists.cxx:8:19: error: ‘Q_WS_QWS’ was not declared in this scope
   return ((int*)(&Q_WS_QWS))[argc];
                   ^
CMakeFiles/cmTC_55aaf.dir/build.make:65: fallo en las instrucciones para el objetivo 'CMakeFiles/cmTC_55aaf.dir/CheckSymbolExists.cxx.o'
make[1]: *** [CMakeFiles/cmTC_55aaf.dir/CheckSymbolExists.cxx.o] Error 1
make[1]: se sale del directorio '/home/crivac/robocomp/components/roboticaCC/supervisor/CMakeFiles/CMakeTmp'
Makefile:126: fallo en las instrucciones para el objetivo 'cmTC_55aaf/fast'
make: *** [cmTC_55aaf/fast] Error 2

File /home/crivac/robocomp/components/roboticaCC/supervisor/CMakeFiles/CMakeTmp/CheckSymbolExists.cxx:
/* */
#include <QtCore/qglobal.h>

int main(int argc, char** argv)
{
  (void)argv;
#ifndef Q_WS_QWS
  return ((int*)(&Q_WS_QWS))[argc];
#else
  (void)argc;
  return 0;
#endif
}

Determining if the Q_WS_MAC exist failed with the following output:
Change Dir: /home/crivac/robocomp/components/roboticaCC/supervisor/CMakeFiles/CMakeTmp

Run Build Command:"/usr/bin/make" "cmTC_5614b/fast"
/usr/bin/make -f CMakeFiles/cmTC_5614b.dir/build.make CMakeFiles/cmTC_5614b.dir/build
make[1]: se entra en el directorio '/home/crivac/robocomp/components/roboticaCC/supervisor/CMakeFiles/CMakeTmp'
Building CXX object CMakeFiles/cmTC_5614b.dir/CheckSymbolExists.cxx.o
/usr/bin/c++    -I/usr/include/qt4   -o CMakeFiles/cmTC_5614b.dir/CheckSymbolExists.cxx.o -c /home/crivac/robocomp/components/roboticaCC/supervisor/CMakeFiles/CMakeTmp/CheckSymbolExists.cxx
/home/crivac/robocomp/components/roboticaCC/supervisor/CMakeFiles/CMakeTmp/CheckSymbolExists.cxx: In function ‘int main(int, char**)’:
/home/crivac/robocomp/components/roboticaCC/supervisor/CMakeFiles/CMakeTmp/CheckSymbolExists.cxx:8:19: error: ‘Q_WS_MAC’ was not declared in this scope
   return ((int*)(&Q_WS_MAC))[argc];
                   ^
CMakeFiles/cmTC_5614b.dir/build.make:65: fallo en las instrucciones para el objetivo 'CMakeFiles/cmTC_5614b.dir/CheckSymbolExists.cxx.o'
make[1]: *** [CMakeFiles/cmTC_5614b.dir/CheckSymbolExists.cxx.o] Error 1
make[1]: se sale del directorio '/home/crivac/robocomp/components/roboticaCC/supervisor/CMakeFiles/CMakeTmp'
Makefile:126: fallo en las instrucciones para el objetivo 'cmTC_5614b/fast'
make: *** [cmTC_5614b/fast] Error 2

File /home/crivac/robocomp/components/roboticaCC/supervisor/CMakeFiles/CMakeTmp/CheckSymbolExists.cxx:
/* */
#include <QtCore/qglobal.h>

int main(int argc, char** argv)
{
  (void)argv;
#ifndef Q_WS_MAC
  return ((int*)(&Q_WS_MAC))[argc];
#else
  (void)argc;
  return 0;
#endif
}

Determining if the Q_WS_WIN exist failed with the following output:
Change Dir: /home/crivac/robocomp/components/roboticaCC/supervisor/CMakeFiles/CMakeTmp

Run Build Command:"/usr/bin/make" "cmTC_57824/fast"
/usr/bin/make -f CMakeFiles/cmTC_57824.dir/build.make CMakeFiles/cmTC_57824.dir/build
make[1]: se entra en el directorio '/home/crivac/robocomp/components/roboticaCC/supervisor/CMakeFiles/CMakeTmp'
Building CXX object CMakeFiles/cmTC_57824.dir/CheckSymbolExists.cxx.o
/usr/bin/c++    -I/usr/include/qt4   -o CMakeFiles/cmTC_57824.dir/CheckSymbolExists.cxx.o -c /home/crivac/robocomp/components/roboticaCC/supervisor/CMakeFiles/CMakeTmp/CheckSymbolExists.cxx
/home/crivac/robocomp/components/roboticaCC/supervisor/CMakeFiles/CMakeTmp/CheckSymbolExists.cxx: In function ‘int main(int, char**)’:
/home/crivac/robocomp/components/roboticaCC/supervisor/CMakeFiles/CMakeTmp/CheckSymbolExists.cxx:8:19: error: ‘Q_WS_WIN’ was not declared in this scope
   return ((int*)(&Q_WS_WIN))[argc];
                   ^
CMakeFiles/cmTC_57824.dir/build.make:65: fallo en las instrucciones para el objetivo 'CMakeFiles/cmTC_57824.dir/CheckSymbolExists.cxx.o'
make[1]: *** [CMakeFiles/cmTC_57824.dir/CheckSymbolExists.cxx.o] Error 1
make[1]: se sale del directorio '/home/crivac/robocomp/components/roboticaCC/supervisor/CMakeFiles/CMakeTmp'
Makefile:126: fallo en las instrucciones para el objetivo 'cmTC_57824/fast'
make: *** [cmTC_57824/fast] Error 2

File /home/crivac/robocomp/components/roboticaCC/supervisor/CMakeFiles/CMakeTmp/CheckSymbolExists.cxx:
/* */
#include <QtCore/qglobal.h>

int main(int argc, char** argv)
{
  (void)argv;
#ifndef Q_WS_WIN
  return ((int*)(&Q_WS_WIN))[argc];
#else
  (void)argc;
  return 0;
#endif
}

Determining if the Q_WS_QWS exist failed with the following output:
Change Dir: /home/crivac/robocomp/components/roboticaCC/supervisor/CMakeFiles/CMakeTmp

Run Build Command:"/usr/bin/make" "cmTC_9b212/fast"
/usr/bin/make -f CMakeFiles/cmTC_9b212.dir/build.make CMakeFiles/cmTC_9b212.dir/build
make[1]: se entra en el directorio '/home/crivac/robocomp/components/roboticaCC/supervisor/CMakeFiles/CMakeTmp'
Building CXX object CMakeFiles/cmTC_9b212.dir/CheckSymbolExists.cxx.o
/usr/bin/c++    -I/usr/include/qt4   -o CMakeFiles/cmTC_9b212.dir/CheckSymbolExists.cxx.o -c /home/crivac/robocomp/components/roboticaCC/supervisor/CMakeFiles/CMakeTmp/CheckSymbolExists.cxx
/home/crivac/robocomp/components/roboticaCC/supervisor/CMakeFiles/CMakeTmp/CheckSymbolExists.cxx: In function ‘int main(int, char**)’:
/home/crivac/robocomp/components/roboticaCC/supervisor/CMakeFiles/CMakeTmp/CheckSymbolExists.cxx:8:19: error: ‘Q_WS_QWS’ was not declared in this scope
   return ((int*)(&Q_WS_QWS))[argc];
                   ^
CMakeFiles/cmTC_9b212.dir/build.make:65: fallo en las instrucciones para el objetivo 'CMakeFiles/cmTC_9b212.dir/CheckSymbolExists.cxx.o'
make[1]: *** [CMakeFiles/cmTC_9b212.dir/CheckSymbolExists.cxx.o] Error 1
make[1]: se sale del directorio '/home/crivac/robocomp/components/roboticaCC/supervisor/CMakeFiles/CMakeTmp'
Makefile:126: fallo en las instrucciones para el objetivo 'cmTC_9b212/fast'
make: *** [cmTC_9b212/fast] Error 2

File /home/crivac/robocomp/components/roboticaCC/supervisor/CMakeFiles/CMakeTmp/CheckSymbolExists.cxx:
/* */
#include <QtCore/qglobal.h>

int main(int argc, char** argv)
{
  (void)argv;
#ifndef Q_WS_QWS
  return ((int*)(&Q_WS_QWS))[argc];
#else
  (void)argc;
  return 0;
#endif
}

Determining if the Q_WS_MAC exist failed with the following output:
Change Dir: /home/crivac/robocomp/components/roboticaCC/supervisor/CMakeFiles/CMakeTmp

Run Build Command:"/usr/bin/make" "cmTC_5d6a1/fast"
/usr/bin/make -f CMakeFiles/cmTC_5d6a1.dir/build.make CMakeFiles/cmTC_5d6a1.dir/build
make[1]: se entra en el directorio '/home/crivac/robocomp/components/roboticaCC/supervisor/CMakeFiles/CMakeTmp'
Building CXX object CMakeFiles/cmTC_5d6a1.dir/CheckSymbolExists.cxx.o
/usr/bin/c++    -I/usr/include/qt4   -o CMakeFiles/cmTC_5d6a1.dir/CheckSymbolExists.cxx.o -c /home/crivac/robocomp/components/roboticaCC/supervisor/CMakeFiles/CMakeTmp/CheckSymbolExists.cxx
/home/crivac/robocomp/components/roboticaCC/supervisor/CMakeFiles/CMakeTmp/CheckSymbolExists.cxx: In function ‘int main(int, char**)’:
/home/crivac/robocomp/components/roboticaCC/supervisor/CMakeFiles/CMakeTmp/CheckSymbolExists.cxx:8:19: error: ‘Q_WS_MAC’ was not declared in this scope
   return ((int*)(&Q_WS_MAC))[argc];
                   ^
CMakeFiles/cmTC_5d6a1.dir/build.make:65: fallo en las instrucciones para el objetivo 'CMakeFiles/cmTC_5d6a1.dir/CheckSymbolExists.cxx.o'
make[1]: *** [CMakeFiles/cmTC_5d6a1.dir/CheckSymbolExists.cxx.o] Error 1
make[1]: se sale del directorio '/home/crivac/robocomp/components/roboticaCC/supervisor/CMakeFiles/CMakeTmp'
Makefile:126: fallo en las instrucciones para el objetivo 'cmTC_5d6a1/fast'
make: *** [cmTC_5d6a1/fast] Error 2

File /home/crivac/robocomp/components/roboticaCC/supervisor/CMakeFiles/CMakeTmp/CheckSymbolExists.cxx:
/* */
#include <QtCore/qglobal.h>

int main(int argc, char** argv)
{
  (void)argv;
#ifndef Q_WS_MAC
  return ((int*)(&Q_WS_MAC))[argc];
#else
  (void)argc;
  return 0;
#endif
}

Determining if the Q_WS_WIN exist failed with the following output:
Change Dir: /home/crivac/robocomp/components/roboticaCC/supervisor/CMakeFiles/CMakeTmp

Run Build Command:"/usr/bin/make" "cmTC_f2fac/fast"
/usr/bin/make -f CMakeFiles/cmTC_f2fac.dir/build.make CMakeFiles/cmTC_f2fac.dir/build
make[1]: se entra en el directorio '/home/crivac/robocomp/components/roboticaCC/supervisor/CMakeFiles/CMakeTmp'
Building CXX object CMakeFiles/cmTC_f2fac.dir/CheckSymbolExists.cxx.o
/usr/bin/c++    -I/usr/include/qt4   -o CMakeFiles/cmTC_f2fac.dir/CheckSymbolExists.cxx.o -c /home/crivac/robocomp/components/roboticaCC/supervisor/CMakeFiles/CMakeTmp/CheckSymbolExists.cxx
/home/crivac/robocomp/components/roboticaCC/supervisor/CMakeFiles/CMakeTmp/CheckSymbolExists.cxx: In function ‘int main(int, char**)’:
/home/crivac/robocomp/components/roboticaCC/supervisor/CMakeFiles/CMakeTmp/CheckSymbolExists.cxx:8:19: error: ‘Q_WS_WIN’ was not declared in this scope
   return ((int*)(&Q_WS_WIN))[argc];
                   ^
CMakeFiles/cmTC_f2fac.dir/build.make:65: fallo en las instrucciones para el objetivo 'CMakeFiles/cmTC_f2fac.dir/CheckSymbolExists.cxx.o'
make[1]: *** [CMakeFiles/cmTC_f2fac.dir/CheckSymbolExists.cxx.o] Error 1
make[1]: se sale del directorio '/home/crivac/robocomp/components/roboticaCC/supervisor/CMakeFiles/CMakeTmp'
Makefile:126: fallo en las instrucciones para el objetivo 'cmTC_f2fac/fast'
make: *** [cmTC_f2fac/fast] Error 2

File /home/crivac/robocomp/components/roboticaCC/supervisor/CMakeFiles/CMakeTmp/CheckSymbolExists.cxx:
/* */
#include <QtCore/qglobal.h>

int main(int argc, char** argv)
{
  (void)argv;
#ifndef Q_WS_WIN
  return ((int*)(&Q_WS_WIN))[argc];
#else
  (void)argc;
  return 0;
#endif
}

Determining if the Q_WS_QWS exist failed with the following output:
Change Dir: /home/crivac/robocomp/components/roboticaCC/supervisor/CMakeFiles/CMakeTmp

Run Build Command:"/usr/bin/make" "cmTC_90409/fast"
/usr/bin/make -f CMakeFiles/cmTC_90409.dir/build.make CMakeFiles/cmTC_90409.dir/build
make[1]: se entra en el directorio '/home/crivac/robocomp/components/roboticaCC/supervisor/CMakeFiles/CMakeTmp'
Building CXX object CMakeFiles/cmTC_90409.dir/CheckSymbolExists.cxx.o
/usr/bin/c++    -I/usr/include/qt4   -o CMakeFiles/cmTC_90409.dir/CheckSymbolExists.cxx.o -c /home/crivac/robocomp/components/roboticaCC/supervisor/CMakeFiles/CMakeTmp/CheckSymbolExists.cxx
/home/crivac/robocomp/components/roboticaCC/supervisor/CMakeFiles/CMakeTmp/CheckSymbolExists.cxx: In function ‘int main(int, char**)’:
/home/crivac/robocomp/components/roboticaCC/supervisor/CMakeFiles/CMakeTmp/CheckSymbolExists.cxx:8:19: error: ‘Q_WS_QWS’ was not declared in this scope
   return ((int*)(&Q_WS_QWS))[argc];
                   ^
CMakeFiles/cmTC_90409.dir/build.make:65: fallo en las instrucciones para el objetivo 'CMakeFiles/cmTC_90409.dir/CheckSymbolExists.cxx.o'
make[1]: *** [CMakeFiles/cmTC_90409.dir/CheckSymbolExists.cxx.o] Error 1
make[1]: se sale del directorio '/home/crivac/robocomp/components/roboticaCC/supervisor/CMakeFiles/CMakeTmp'
Makefile:126: fallo en las instrucciones para el objetivo 'cmTC_90409/fast'
make: *** [cmTC_90409/fast] Error 2

File /home/crivac/robocomp/components/roboticaCC/supervisor/CMakeFiles/CMakeTmp/CheckSymbolExists.cxx:
/* */
#include <QtCore/qglobal.h>

int main(int argc, char** argv)
{
  (void)argv;
#ifndef Q_WS_QWS
  return ((int*)(&Q_WS_QWS))[argc];
#else
  (void)argc;
  return 0;
#endif
}

Determining if the Q_WS_MAC exist failed with the following output:
Change Dir: /home/crivac/robocomp/components/roboticaCC/supervisor/CMakeFiles/CMakeTmp

Run Build Command:"/usr/bin/make" "cmTC_4e2b8/fast"
/usr/bin/make -f CMakeFiles/cmTC_4e2b8.dir/build.make CMakeFiles/cmTC_4e2b8.dir/build
make[1]: se entra en el directorio '/home/crivac/robocomp/components/roboticaCC/supervisor/CMakeFiles/CMakeTmp'
Building CXX object CMakeFiles/cmTC_4e2b8.dir/CheckSymbolExists.cxx.o
/usr/bin/c++    -I/usr/include/qt4   -o CMakeFiles/cmTC_4e2b8.dir/CheckSymbolExists.cxx.o -c /home/crivac/robocomp/components/roboticaCC/supervisor/CMakeFiles/CMakeTmp/CheckSymbolExists.cxx
/home/crivac/robocomp/components/roboticaCC/supervisor/CMakeFiles/CMakeTmp/CheckSymbolExists.cxx: In function ‘int main(int, char**)’:
/home/crivac/robocomp/components/roboticaCC/supervisor/CMakeFiles/CMakeTmp/CheckSymbolExists.cxx:8:19: error: ‘Q_WS_MAC’ was not declared in this scope
   return ((int*)(&Q_WS_MAC))[argc];
                   ^
CMakeFiles/cmTC_4e2b8.dir/build.make:65: fallo en las instrucciones para el objetivo 'CMakeFiles/cmTC_4e2b8.dir/CheckSymbolExists.cxx.o'
make[1]: *** [CMakeFiles/cmTC_4e2b8.dir/CheckSymbolExists.cxx.o] Error 1
make[1]: se sale del directorio '/home/crivac/robocomp/components/roboticaCC/supervisor/CMakeFiles/CMakeTmp'
Makefile:126: fallo en las instrucciones para el objetivo 'cmTC_4e2b8/fast'
make: *** [cmTC_4e2b8/fast] Error 2

File /home/crivac/robocomp/components/roboticaCC/supervisor/CMakeFiles/CMakeTmp/CheckSymbolExists.cxx:
/* */
#include <QtCore/qglobal.h>

int main(int argc, char** argv)
{
  (void)argv;
#ifndef Q_WS_MAC
  return ((int*)(&Q_WS_MAC))[argc];
#else
  (void)argc;
  return 0;
#endif
}

Determining if the Q_WS_WIN exist failed with the following output:
Change Dir: /home/crivac/robocomp/components/roboticaCC/supervisor/CMakeFiles/CMakeTmp

Run Build Command:"/usr/bin/make" "cmTC_de8a1/fast"
/usr/bin/make -f CMakeFiles/cmTC_de8a1.dir/build.make CMakeFiles/cmTC_de8a1.dir/build
make[1]: se entra en el directorio '/home/crivac/robocomp/components/roboticaCC/supervisor/CMakeFiles/CMakeTmp'
Building CXX object CMakeFiles/cmTC_de8a1.dir/CheckSymbolExists.cxx.o
/usr/bin/c++    -I/usr/include/qt4   -o CMakeFiles/cmTC_de8a1.dir/CheckSymbolExists.cxx.o -c /home/crivac/robocomp/components/roboticaCC/supervisor/CMakeFiles/CMakeTmp/CheckSymbolExists.cxx
/home/crivac/robocomp/components/roboticaCC/supervisor/CMakeFiles/CMakeTmp/CheckSymbolExists.cxx: In function ‘int main(int, char**)’:
/home/crivac/robocomp/components/roboticaCC/supervisor/CMakeFiles/CMakeTmp/CheckSymbolExists.cxx:8:19: error: ‘Q_WS_WIN’ was not declared in this scope
   return ((int*)(&Q_WS_WIN))[argc];
                   ^
CMakeFiles/cmTC_de8a1.dir/build.make:65: fallo en las instrucciones para el objetivo 'CMakeFiles/cmTC_de8a1.dir/CheckSymbolExists.cxx.o'
make[1]: *** [CMakeFiles/cmTC_de8a1.dir/CheckSymbolExists.cxx.o] Error 1
make[1]: se sale del directorio '/home/crivac/robocomp/components/roboticaCC/supervisor/CMakeFiles/CMakeTmp'
Makefile:126: fallo en las instrucciones para el objetivo 'cmTC_de8a1/fast'
make: *** [cmTC_de8a1/fast] Error 2

File /home/crivac/robocomp/components/roboticaCC/supervisor/CMakeFiles/CMakeTmp/CheckSymbolExists.cxx:
/* */
#include <QtCore/qglobal.h>

int main(int argc, char** argv)
{
  (void)argv;
#ifndef Q_WS_WIN
  return ((int*)(&Q_WS_WIN))[argc];
#else
  (void)argc;
  return 0;
#endif
}

Determining if the Q_WS_QWS exist failed with the following output:
Change Dir: /home/crivac/robocomp/components/roboticaCC/supervisor/CMakeFiles/CMakeTmp

Run Build Command:"/usr/bin/make" "cmTC_59ad3/fast"
/usr/bin/make -f CMakeFiles/cmTC_59ad3.dir/build.make CMakeFiles/cmTC_59ad3.dir/build
make[1]: se entra en el directorio '/home/crivac/robocomp/components/roboticaCC/supervisor/CMakeFiles/CMakeTmp'
Building CXX object CMakeFiles/cmTC_59ad3.dir/CheckSymbolExists.cxx.o
/usr/bin/c++    -I/usr/include/qt4   -o CMakeFiles/cmTC_59ad3.dir/CheckSymbolExists.cxx.o -c /home/crivac/robocomp/components/roboticaCC/supervisor/CMakeFiles/CMakeTmp/CheckSymbolExists.cxx
/home/crivac/robocomp/components/roboticaCC/supervisor/CMakeFiles/CMakeTmp/CheckSymbolExists.cxx: In function ‘int main(int, char**)’:
/home/crivac/robocomp/components/roboticaCC/supervisor/CMakeFiles/CMakeTmp/CheckSymbolExists.cxx:8:19: error: ‘Q_WS_QWS’ was not declared in this scope
   return ((int*)(&Q_WS_QWS))[argc];
                   ^
CMakeFiles/cmTC_59ad3.dir/build.make:65: fallo en las instrucciones para el objetivo 'CMakeFiles/cmTC_59ad3.dir/CheckSymbolExists.cxx.o'
make[1]: *** [CMakeFiles/cmTC_59ad3.dir/CheckSymbolExists.cxx.o] Error 1
make[1]: se sale del directorio '/home/crivac/robocomp/components/roboticaCC/supervisor/CMakeFiles/CMakeTmp'
Makefile:126: fallo en las instrucciones para el objetivo 'cmTC_59ad3/fast'
make: *** [cmTC_59ad3/fast] Error 2

File /home/crivac/robocomp/components/roboticaCC/supervisor/CMakeFiles/CMakeTmp/CheckSymbolExists.cxx:
/* */
#include <QtCore/qglobal.h>

int main(int argc, char** argv)
{
  (void)argv;
#ifndef Q_WS_QWS
  return ((int*)(&Q_WS_QWS))[argc];
#else
  (void)argc;
  return 0;
#endif
}

Determining if the Q_WS_MAC exist failed with the following output:
Change Dir: /home/crivac/robocomp/components/roboticaCC/supervisor/CMakeFiles/CMakeTmp

Run Build Command:"/usr/bin/make" "cmTC_d113e/fast"
/usr/bin/make -f CMakeFiles/cmTC_d113e.dir/build.make CMakeFiles/cmTC_d113e.dir/build
make[1]: se entra en el directorio '/home/crivac/robocomp/components/roboticaCC/supervisor/CMakeFiles/CMakeTmp'
Building CXX object CMakeFiles/cmTC_d113e.dir/CheckSymbolExists.cxx.o
/usr/bin/c++    -I/usr/include/qt4   -o CMakeFiles/cmTC_d113e.dir/CheckSymbolExists.cxx.o -c /home/crivac/robocomp/components/roboticaCC/supervisor/CMakeFiles/CMakeTmp/CheckSymbolExists.cxx
/home/crivac/robocomp/components/roboticaCC/supervisor/CMakeFiles/CMakeTmp/CheckSymbolExists.cxx: In function ‘int main(int, char**)’:
/home/crivac/robocomp/components/roboticaCC/supervisor/CMakeFiles/CMakeTmp/CheckSymbolExists.cxx:8:19: error: ‘Q_WS_MAC’ was not declared in this scope
   return ((int*)(&Q_WS_MAC))[argc];
                   ^
CMakeFiles/cmTC_d113e.dir/build.make:65: fallo en las instrucciones para el objetivo 'CMakeFiles/cmTC_d113e.dir/CheckSymbolExists.cxx.o'
make[1]: *** [CMakeFiles/cmTC_d113e.dir/CheckSymbolExists.cxx.o] Error 1
make[1]: se sale del directorio '/home/crivac/robocomp/components/roboticaCC/supervisor/CMakeFiles/CMakeTmp'
Makefile:126: fallo en las instrucciones para el objetivo 'cmTC_d113e/fast'
make: *** [cmTC_d113e/fast] Error 2

File /home/crivac/robocomp/components/roboticaCC/supervisor/CMakeFiles/CMakeTmp/CheckSymbolExists.cxx:
/* */
#include <QtCore/qglobal.h>

int main(int argc, char** argv)
{
  (void)argv;
#ifndef Q_WS_MAC
  return ((int*)(&Q_WS_MAC))[argc];
#else
  (void)argc;
  return 0;
#endif
}

